<?xml version="1.0" encoding="UTF-8"?>
<!-- Generated by org.testng.reporters.JUnitReportReporter -->
<testsuite hostname="DESKTOP-06BCFN5" failures="0" tests="1" name="autoTestPackage.GetQuoteTest" time="3.997" errors="0" timestamp="26 Jan 2022 07:26:52 GMT" skipped="0">
  <testcase classname="autoTestPackage.GetQuoteTest" name="qutationTest" time="3.997"/>
</testsuite> <!-- autoTestPackage.GetQuoteTest -->
